<?xml version="1.0" encoding="UTF-8"?>
<!-- Generated by org.testng.reporters.JUnitXMLReporter -->
<testsuite ignored="0" hostname="anand-HP-Notebook" failures="0" tests="2" name="Default test" time="42.686" errors="0" timestamp="24 Feb 2021 21:32:47 GMT">
  <testcase classname="com.amazon.automateTest.CheckProductTest" name="checkProductInSearch" time="14.308"/>
  <testcase classname="com.amazon.automateTest.CheckProductTest" name="checkProductInPage" time="18.477"/>
</testsuite> <!-- Default test -->
