<?xml version="1.0" encoding="UTF-8"?>
<!-- Generated by org.testng.reporters.JUnitXMLReporter -->
<testsuite ignored="0" hostname="anand-HP-Notebook" failures="0" tests="3" name="Default test" time="8.567" errors="0" timestamp="22 Feb 2021 22:33:25 GMT">
  <testcase classname="com.amazon.automateTest.CheckCreateNewTest" name="checkLabels" time="0.223"/>
  <testcase classname="com.amazon.automateTest.CheckCreateNewTest" name="checkPasswordSug" time="0.044"/>
  <testcase classname="com.amazon.automateTest.CheckCreateNewTest" name="validateTexts" time="0.221"/>
</testsuite> <!-- Default test -->
