<?xml version="1.0" encoding="UTF-8"?>
<!-- Generated by org.testng.reporters.JUnitXMLReporter -->
<testsuite ignored="0" hostname="anand-HP-Notebook" failures="0" tests="5" name="notSignedIn" time="29.736" errors="0" timestamp="01 Mar 2021 10:23:45 GMT">
  <testcase classname="com.amazon.automateTest.NotSignedInHomeTest" name="testAddress" time="0.497"/>
  <testcase classname="com.amazon.automateTest.NotSignedInHomeTest" name="testCartCount" time="0.053"/>
  <testcase classname="com.amazon.automateTest.NotSignedInHomeTest" name="testLogo" time="0.046"/>
  <testcase classname="com.amazon.automateTest.NotSignedInHomeTest" name="testSignInButton" time="0.534"/>
  <testcase classname="com.amazon.automateTest.NotSignedInHomeTest" name="testSignin" time="0.318"/>
</testsuite> <!-- notSignedIn -->
