<?xml version="1.0" encoding="UTF-8"?>
<!-- Generated by org.testng.reporters.JUnitXMLReporter -->
<testsuite ignored="0" hostname="anand-HP-Notebook" failures="0" tests="5" name="notSignedIn" time="6.534" errors="0" timestamp="23 Feb 2021 19:06:54 GMT">
  <testcase classname="com.amazon.automateTest.NotSignedInHomeTest" name="testAddress" time="0.223"/>
  <testcase classname="com.amazon.automateTest.NotSignedInHomeTest" name="testCartCount" time="0.05"/>
  <testcase classname="com.amazon.automateTest.NotSignedInHomeTest" name="testLogo" time="0.049"/>
  <testcase classname="com.amazon.automateTest.NotSignedInHomeTest" name="testSignInButton" time="0.719"/>
  <testcase classname="com.amazon.automateTest.NotSignedInHomeTest" name="testSignin" time="0.256"/>
</testsuite> <!-- notSignedIn -->
