<?xml version="1.0" encoding="UTF-8"?>
<!-- Generated by org.testng.reporters.JUnitXMLReporter -->
<testsuite ignored="0" hostname="anand-HP-Notebook" failures="0" tests="2" name="productTesing" time="28.205" errors="0" timestamp="01 Mar 2021 10:24:57 GMT">
  <testcase classname="com.amazon.automateTest.CheckProductTest" name="checkProductInSearch" time="6.705"/>
  <testcase classname="com.amazon.automateTest.CheckProductTest" name="checkProductInPage" time="17.597"/>
</testsuite> <!-- productTesing -->
