<?xml version="1.0" encoding="UTF-8"?>
<!-- Generated by org.testng.reporters.JUnitXMLReporter -->
<testsuite ignored="0" hostname="anand-HP-Notebook" failures="0" tests="9" name="signIn" time="21.33" errors="0" timestamp="23 Feb 2021 19:07:15 GMT">
  <testcase classname="com.amazon.automateTest.checkSignInTest" name="checkAgreement" time="0.033"/>
  <testcase classname="com.amazon.automateTest.checkSignInTest" name="checkContinue" time="0.032"/>
  <testcase classname="com.amazon.automateTest.checkSignInTest" name="checkCreateNew" time="0.033"/>
  <testcase classname="com.amazon.automateTest.checkSignInTest" name="checkEmailOrPhone" time="0.033"/>
  <testcase classname="com.amazon.automateTest.checkSignInTest" name="checkSignInText" time="0.036"/>
  <testcase classname="com.amazon.automateTest.SignInActionTest" name="loginUsers" time="3.787"/>
  <testcase classname="com.amazon.automateTest.CheckCreateNewTest" name="checkLabels" time="0.188"/>
  <testcase classname="com.amazon.automateTest.CheckCreateNewTest" name="checkPasswordSug" time="0.037"/>
  <testcase classname="com.amazon.automateTest.CheckCreateNewTest" name="validateTexts" time="0.254"/>
</testsuite> <!-- signIn -->
