<?xml version="1.0" encoding="UTF-8"?>
<!-- Generated by org.testng.reporters.JUnitXMLReporter -->
<testsuite ignored="0" hostname="anand-HP-Notebook" failures="0" tests="9" name="signIn" time="44.408" errors="0" timestamp="01 Mar 2021 10:24:29 GMT">
  <testcase classname="com.amazon.automateTest.checkSignInTest" name="checkAgreement" time="0.039"/>
  <testcase classname="com.amazon.automateTest.checkSignInTest" name="checkContinue" time="0.047"/>
  <testcase classname="com.amazon.automateTest.checkSignInTest" name="checkCreateNew" time="0.051"/>
  <testcase classname="com.amazon.automateTest.checkSignInTest" name="checkEmailOrPhone" time="0.038"/>
  <testcase classname="com.amazon.automateTest.checkSignInTest" name="checkSignInText" time="0.039"/>
  <testcase classname="com.amazon.automateTest.SignInActionTest" name="loginUsers" time="6.387"/>
  <testcase classname="com.amazon.automateTest.CheckCreateNewTest" name="checkLabels" time="0.215"/>
  <testcase classname="com.amazon.automateTest.CheckCreateNewTest" name="checkPasswordSug" time="0.034"/>
  <testcase classname="com.amazon.automateTest.CheckCreateNewTest" name="validateTexts" time="0.286"/>
</testsuite> <!-- signIn -->
