<?xml version="1.0" encoding="UTF-8"?>
<testng-results ignored="0" total="1" passed="1" failed="0" skipped="0">
  <reporter-output>
  </reporter-output>
  <suite started-at="2021-02-19T13:04:23Z" name="Surefire suite" finished-at="2021-02-19T13:04:23Z" duration-ms="223">
    <groups>
    </groups>
    <test started-at="2021-02-19T13:04:23Z" name="Surefire test" finished-at="2021-02-19T13:04:23Z" duration-ms="223">
      <class name="com.amazon.automateTest.AppTest">
        <test-method signature="shouldAnswerWithTrue()" started-at="2021-02-19T13:04:23Z" name="shouldAnswerWithTrue" finished-at="2021-02-19T13:04:23Z" duration-ms="39" status="PASS">
          <reporter-output>
          </reporter-output>
        </test-method> <!-- shouldAnswerWithTrue -->
      </class> <!-- com.amazon.automateTest.AppTest -->
    </test> <!-- Surefire test -->
  </suite> <!-- Surefire suite -->
</testng-results>
