<?xml version="1.0" encoding="UTF-8"?>
<testng-results ignored="0" total="2" passed="2" failed="0" skipped="0">
  <reporter-output>
  </reporter-output>
  <suite started-at="2021-02-24T21:32:05Z" name="Default suite" finished-at="2021-02-24T21:32:47Z" duration-ms="42686">
    <groups>
    </groups>
    <test started-at="2021-02-24T21:32:05Z" name="Default test" finished-at="2021-02-24T21:32:47Z" duration-ms="42686">
      <class name="com.amazon.automateTest.CheckProductTest">
        <test-method is-config="true" signature="init()[pri:0, instance:com.amazon.automateTest.CheckProductTest@6e6f2380]" started-at="2021-02-24T21:32:05Z" name="init" finished-at="2021-02-24T21:32:14Z" duration-ms="9729" status="PASS">
          <reporter-output>
          </reporter-output>
        </test-method> <!-- init -->
        <test-method signature="checkProductInSearch()[pri:1, instance:com.amazon.automateTest.CheckProductTest@6e6f2380]" started-at="2021-02-24T21:32:14Z" name="checkProductInSearch" finished-at="2021-02-24T21:32:29Z" duration-ms="14308" status="PASS">
          <reporter-output>
          </reporter-output>
        </test-method> <!-- checkProductInSearch -->
        <test-method signature="checkProductInPage()[pri:3, instance:com.amazon.automateTest.CheckProductTest@6e6f2380]" started-at="2021-02-24T21:32:29Z" name="checkProductInPage" finished-at="2021-02-24T21:32:47Z" duration-ms="18477" status="PASS">
          <reporter-output>
          </reporter-output>
        </test-method> <!-- checkProductInPage -->
        <test-method is-config="true" signature="destroy()[pri:0, instance:com.amazon.automateTest.CheckProductTest@6e6f2380]" started-at="2021-02-24T21:32:47Z" name="destroy" finished-at="2021-02-24T21:32:47Z" duration-ms="141" status="PASS">
          <reporter-output>
          </reporter-output>
        </test-method> <!-- destroy -->
      </class> <!-- com.amazon.automateTest.CheckProductTest -->
    </test> <!-- Default test -->
  </suite> <!-- Default suite -->
</testng-results>
